build/outputs/logs/manifest-merger-debug-report.txt
-- Merging decision tree log ---
manifest
ADDED from Ud6_EventosMapa\AndroidManifest.xml:2:1-49:12
	package
		ADDED from Ud6_EventosMapa\AndroidManifest.xml:3:2-25
	android:versionName
		ADDED from Ud6_EventosMapa\AndroidManifest.xml:3:50-75
		INJECTED from Ud6_EventosMapa\AndroidManifest.xml
		INJECTED from Ud6_EventosMapa\AndroidManifest.xml
	android:versionCode
		ADDED from Ud6_EventosMapa\AndroidManifest.xml:3:26-49
		INJECTED from Ud6_EventosMapa\AndroidManifest.xml
		INJECTED from Ud6_EventosMapa\AndroidManifest.xml
	xmlns:android
		ADDED from Ud6_EventosMapa\AndroidManifest.xml:2:11-69
uses-sdk
ADDED from Ud6_EventosMapa\AndroidManifest.xml:5:2-71
MERGED from [com.google.android.gms:play-services-maps:8.4.0] AndroidManifest.xml:26:5-42
MERGED from [com.google.android.gms:play-services-base:8.4.0] AndroidManifest.xml:18:5-42
MERGED from [com.google.android.gms:play-services-basement:8.4.0] AndroidManifest.xml:18:5-42
MERGED from [com.android.support:support-v4:23.0.0] AndroidManifest.xml:20:5-43
	android:targetSdkVersion
		ADDED from Ud6_EventosMapa\AndroidManifest.xml:5:39-68
		INJECTED from Ud6_EventosMapa\AndroidManifest.xml
		INJECTED from Ud6_EventosMapa\AndroidManifest.xml
	android:minSdkVersion
		ADDED from Ud6_EventosMapa\AndroidManifest.xml:5:12-38
		INJECTED from Ud6_EventosMapa\AndroidManifest.xml
		INJECTED from Ud6_EventosMapa\AndroidManifest.xml
permission#com.pmdm.maps.permission.MAPS_RECEIVE
ADDED from Ud6_EventosMapa\AndroidManifest.xml:8:5-10:47
	android:protectionLevel
		ADDED from Ud6_EventosMapa\AndroidManifest.xml:10:9-44
	android:name
		ADDED from Ud6_EventosMapa\AndroidManifest.xml:9:9-61
uses-permission#com.pmdm.maps.permission.MAPS_RECEIVE
ADDED from Ud6_EventosMapa\AndroidManifest.xml:12:5-77
	android:name
		ADDED from Ud6_EventosMapa\AndroidManifest.xml:12:22-74
uses-permission#com.google.android.providers.gsf.permission.READ_GSERVICES
ADDED from Ud6_EventosMapa\AndroidManifest.xml:13:5-98
	android:name
		ADDED from Ud6_EventosMapa\AndroidManifest.xml:13:22-95
uses-permission#android.permission.INTERNET
ADDED from Ud6_EventosMapa\AndroidManifest.xml:14:5-67
MERGED from [com.google.android.gms:play-services-maps:8.4.0] AndroidManifest.xml:21:5-66
	android:name
		ADDED from Ud6_EventosMapa\AndroidManifest.xml:14:22-64
uses-permission#android.permission.WRITE_EXTERNAL_STORAGE
ADDED from Ud6_EventosMapa\AndroidManifest.xml:15:5-81
	android:name
		ADDED from Ud6_EventosMapa\AndroidManifest.xml:15:22-78
uses-permission#android.permission.ACCESS_COARSE_LOCATION
ADDED from Ud6_EventosMapa\AndroidManifest.xml:18:5-81
	android:name
		ADDED from Ud6_EventosMapa\AndroidManifest.xml:18:22-78
uses-permission#android.permission.ACCESS_FINE_LOCATION
ADDED from Ud6_EventosMapa\AndroidManifest.xml:19:5-79
	android:name
		ADDED from Ud6_EventosMapa\AndroidManifest.xml:19:22-76
uses-permission#android.permission.ACCESS_NETWORK_STATE
ADDED from Ud6_EventosMapa\AndroidManifest.xml:20:5-79
MERGED from [com.google.android.gms:play-services-maps:8.4.0] AndroidManifest.xml:20:5-78
	android:name
		ADDED from Ud6_EventosMapa\AndroidManifest.xml:20:22-76
uses-feature#0x00020000
ADDED from Ud6_EventosMapa\AndroidManifest.xml:22:5-24:35
MERGED from [com.google.android.gms:play-services-maps:8.4.0] AndroidManifest.xml:22:5-24:33
	android:glEsVersion
		ADDED from Ud6_EventosMapa\AndroidManifest.xml:23:9-41
	android:required
		ADDED from Ud6_EventosMapa\AndroidManifest.xml:24:9-32
application
ADDED from Ud6_EventosMapa\AndroidManifest.xml:27:2-48:16
MERGED from [com.google.android.gms:play-services-maps:8.4.0] AndroidManifest.xml:27:5-20
MERGED from [com.google.android.gms:play-services-basement:8.4.0] AndroidManifest.xml:20:5-24:19
MERGED from [com.android.support:support-v4:23.0.0] AndroidManifest.xml:22:5-20
	android:label
		ADDED from Ud6_EventosMapa\AndroidManifest.xml:28:3-35
	android:allowBackup
		ADDED from Ud6_EventosMapa\AndroidManifest.xml:27:15-41
	android:icon
		ADDED from Ud6_EventosMapa\AndroidManifest.xml:27:42-78
	android:theme
		ADDED from Ud6_EventosMapa\AndroidManifest.xml:28:36-67
meta-data#com.google.android.gms.version
ADDED from Ud6_EventosMapa\AndroidManifest.xml:31:9-33:69
MERGED from [com.google.android.gms:play-services-basement:8.4.0] AndroidManifest.xml:21:9-23:69
	android:value
		ADDED from Ud6_EventosMapa\AndroidManifest.xml:33:13-66
	android:name
		ADDED from Ud6_EventosMapa\AndroidManifest.xml:32:13-58
activity#com.pmdm.maps.Ud6_ControlarMapa
ADDED from Ud6_EventosMapa\AndroidManifest.xml:35:3-42:14
	android:label
		ADDED from Ud6_EventosMapa\AndroidManifest.xml:36:4-36
	android:name
		ADDED from Ud6_EventosMapa\AndroidManifest.xml:35:13-59
intent-filter#android.intent.action.MAIN+android.intent.category.LAUNCHER
ADDED from Ud6_EventosMapa\AndroidManifest.xml:37:4-41:20
action#android.intent.action.MAIN
ADDED from Ud6_EventosMapa\AndroidManifest.xml:38:5-57
	android:name
		ADDED from Ud6_EventosMapa\AndroidManifest.xml:38:13-54
category#android.intent.category.LAUNCHER
ADDED from Ud6_EventosMapa\AndroidManifest.xml:40:5-65
	android:name
		ADDED from Ud6_EventosMapa\AndroidManifest.xml:40:15-62
meta-data#com.google.android.maps.v2.API_KEY
ADDED from Ud6_EventosMapa\AndroidManifest.xml:45:9-47:71
	android:value
		ADDED from Ud6_EventosMapa\AndroidManifest.xml:47:13-68
	android:name
		ADDED from Ud6_EventosMapa\AndroidManifest.xml:46:13-62